
ROM used: 10878 (33%)
          10882 (33%) including unused fragments

          2 Average locations per line
          8 Average locations per statement

RAM used: 1171 (57%) at main() level
          1223 (60%) worst case

Stack used: 16 worst case (out of 24 total available)

Lines Stmts  %   Files
----- ----- ---  -----
  292   229  17  main.c
  218    72   5  ..\lib\aurebot.h
  429     0   0  ..\..\..\..\..\..\Archivos de programa\PICC\Devices\18F4550.h
   75     0   0  ..\lib\bootloader\usb_bootloader.h
  526   114   8  ..\lib\bootloader\usb_cdc.h
 1323   321  24  ..\..\..\..\..\..\Archivos de programa\PICC\Drivers\pic18_usb.h
  828     0   0  ..\..\..\..\..\..\Archivos de programa\PICC\Drivers\usb.h
  245     0   0  ..\lib\bootloader\usb_desc_cdc.h
  912   229  17  ..\..\..\..\..\..\Archivos de programa\PICC\Drivers\usb.c
   28    85   6  ..\..\..\..\..\..\Archivos de programa\PICC\Drivers\ctype.h
   40    21   2  ..\lib\ldr.h
   17     4   0  ..\lib\cny70.h
   22    12   1  ..\lib\bumper.h
  255    47   3  ..\lib\flex_lcd.c
  161    75   5  ..\lib\motores.h
  113    62   5  ..\lib\sonido.h
   15     6   0  ..\lib\2leds.h
   47    43   3  ..\lib\navegacion_luz.c
   54    45   3  ..\lib\navegacion_bumpers.c
----- -----
 5600  1365 Total

Page ROM  %  RAM   Vol Diff  Functions:
---- --- --- ---   --- ----  ----------
0     40   0   1             @delay_ms1
0     32   0   1             @delay_us1
0     32   0   0             @const159
0     32   0   0             @const161
0     48   0   0             @const163
0     66   0   0             @const165
0     40   0   1   149  2.6  usb_detach
0     34   0   0   138  2.1  usb_attach
0     34   0   1   346  4.6  usb_task
0     14   0   0    61  2.5  usb_init
0    222   1   7  1224  5.9  usb_flush_in
0    166   1  14   584  7.5  usb_put_packet
0    230   1   7   940  5.4  usb_flush_out
0     40   0   1    52  2.1  usb_rx_packet_size
0     68   0   4   235  4.5  usb_stall_ep
0     66   0   4   242  4.6  usb_unstall_ep
0     84   0   3   343  5.8  usb_endpoint_stalled
0     22   0   1    88  2.7  usb_set_address
0    414   2  10  1575  8.9  usb_set_configured
0    106   0   0   448  3.7  usb_isr
0      6   0   0    25  1.2  usb_isr_sof
0     44   0   3   142  3.9  usb_disable_endpoints
0     42   0   0   318  4.6  usb_isr_rst
0     30   0   0   343  3.1  usb_init_ep0_setup
0      8   0   0    47  1.5  usb_isr_uerr
0     10   0   0    54  1.5  usb_isr_uidle
0     10   0   0    54  1.5  usb_isr_activity
0     14   0   0   147  3.4  usb_isr_stall
0    202   1   2  1217  7.3  usb_isr_tok_dne
0      6   0   1    25  1.6  usb_request_send_response
0      6   0   0    22  1.2  usb_request_get_data
0      6   0   0    25  0.8  usb_request_stall
0     84   0   0             @const286
0     18   0   0             @const288
0     34   0   0             @const294
0     70   0   0             @const297
0     40   0   3   239  4.0  usb_token_reset
0     82   0   4   201  4.9  usb_endpoint_is_valid
0     34   0   1   204  3.1  usb_isr_tok_in_dne
0     50   0   1   152  3.0  usb_isr_tok_out_dne
0     42   0   0   310  5.4  usb_isr_tok_setup_dne
0    162   1   0  1131  8.2  usb_isr_tkn_setup_StandardDevice
0    152   1   3   691  7.7  usb_isr_tkn_setup_StandardInterface
0     96   0   0   519  5.2  usb_isr_tkn_setup_StandardEndpoint
0    118   1   1   618  7.2  usb_Get_Descriptor
0     14   0   0    76  1.8  usb_finish_set_address
0    132   1   5   554  8.5  usb_copy_desc_seg_to_ep
0     92   0   0   364  5.6  usb_isr_tok_out_cdc_control_dne
0    162   1   0   840  7.7  usb_isr_tkn_cdc
0     18   0   0   112  2.2  usb_isr_tok_out_cdc_data_dne
0     14   0   0    59  2.1  usb_isr_tok_in_cdc_data_dne
0     32   0   0   106  2.5  usb_cdc_flush_out_buffer
0     36   0   0   280  2.3  usb_cdc_init
0     64   0   2   251  5.9  usb_cdc_getc
0     66   0   5   223  4.1  usb_cdc_putc_fast
0     34   0   1   112  1.3  usb_cdc_putc
0     64   0   1   163  2.5  aure_configurar_usb
0     50   0   0             @const367
0    260   1   2   742  4.3  aure_configurar
0     64   0   0             @const370
0     42   0   0             @const371
0     34   0   0             @const372
0     38   0   0             @const373
0     40   0   0             @const374
0     16   0   0    76  2.3  aure_usb
0     40   0   1   167  3.5  aure_serie_int
0     34   0   1   167  3.5  aure_usb_serie_int
0     54   0   2             @ITOF
0    346   2  14             @DIVFF
0    118   1  10             @FLT
0     40   0   3             @DIV88
0    104   0   2             @PRINTF_U_61
 Inline        1    64  1.6  leeradc
0     72   0   1    80  1.5  ldr_configurar
0     34   0   0             @const405
0     48   0   0             @const406
0     30   0   0             @const425
0     78   0   1   326  2.8  lcd_send_nibble
0     60   0   3   235  3.8  lcd_send_byte
0     90   0   3   380  4.7  lcd_init
0     34   0   4   186  5.5  lcd_gotoxy
0     68   0   1   272  4.1  lcd_putc
0     20   0   4    82  2.7  lcd_setcursor_vb
0     12   0   0    43  0.7  lcd_configurar
0     18   0   0   108  1.7  motores_patras
0     18   0   0   108  1.7  motores_palante
0     18   0   0   108  1.7  motores_paderecha
0     18   0   0   108  1.7  motores_paizda
0     18   0   0   108  1.7  motores_parar
0     58   0   0   353  5.4  motores_cv_int
0     36   0   0             @goto11559
0     12   0   1    43  1.5  motores_cv_palante
0      8   0   0    33  1.3  motores_cv_parar
0     64   0   3   151  3.7  motores_cv_sum_velocidad
0     36   0   0             @const480
0     36   0   1   167  3.1  sonido_beep
0    648   3  24  1569  8.7  navegacion_luz
0    102   0   2             @PRINTF_U_438
0    328   2   2  1235  5.8  navegacion_bumpers
0     44   0   0             @const514
0     44   0   0             @const515
0     44   0   0             @const516
0     44   0   0             @const517
0    270   1   0  1690  6.7  aure_serie
0    420   2  19  1070  7.3  ldr_a_lcd
0     66   0   5             @DIV1616
0    422   2  19  1070  7.3  cny_a_lcd
0   1422   7   7  4189  8.4  MAIN
0     42   0   0             @const547
0     42   0   0             @const548
0     34   0   0             @const549
0     34   0   0             @const550
0     34   0   0             @const551
0     34   0   0             @const552
0     34   0   0             @const553
0     34   0   0             @const554
0     64   0   6             @WRITEBITA
0     48   0   5             @READBITA
0     44   0   0             @const564
0     44   0   0             @const565
0     44   0   0             @const566
0     44   0   0             @const568
0     44   0   0             @const569
0     44   0   0             @const571
0     44   0   0             @const572
0     44   0   0             @const574
0     44   0   0             @const575

Program metrics:
    Functions               76
    Statements              1365
    Comments                3294
    Volume (V)              60560
    Difficilty (D)          302.0
    Effort to implement (E) 18286522
    Time to implement (T)   282 hours, 12 minutes
    Est Delivered Bugs (B)  23
    Cyclomatic Complexity   206
    Maintainability (MI)    54

 Segment     Used  Free
-----------  ----  ----
00000-017FE     0  6144  
01800-01806     4  4  
01808-018B4   174  0  
018B6-07FFE  10700  15742  



