
ROM used: 9074 (28%)
          9078 (28%) including unused fragments

          2 Average locations per line
          7 Average locations per statement

RAM used: 1168 (57%) at main() level
          1212 (59%) worst case

Stack used: 13 worst case (out of 24 total available)

Lines Stmts  %   Files
----- ----- ---  -----
  280   220  18  main.c
  198    68   6  ..\lib\aurebot.h
  430     0   0  ..\..\..\..\..\Archivos de programa\PICC\devices\18F4550.h
   75     0   0  ..\lib\bootloader\usb_bootloader.h
  526   114   9  ..\lib\bootloader\usb_cdc.h
 1323   321  26  ..\..\..\..\..\Archivos de programa\PICC\drivers\pic18_usb.h
  828     0   0  ..\..\..\..\..\Archivos de programa\PICC\drivers\usb.h
  245     0   0  ..\lib\bootloader\usb_desc_cdc.h
  912   229  19  ..\..\..\..\..\Archivos de programa\PICC\drivers\usb.c
   28    85   7  ..\..\..\..\..\Archivos de programa\PICC\drivers\ctype.h
   67    34   3  ..\lib\motores.h
   40    21   2  ..\lib\ldr.h
   17     4   0  ..\lib\cny70.h
   22    12   1  ..\lib\bumper.h
  255    47   4  ..\lib\flex_lcd.c
  114    62   5  ..\lib\sonido.h
   15     6   0  ..\lib\2leds.h
----- -----
 5375  1223 Total

Page ROM  %  RAM   Vol Diff  Functions:
---- --- --- ---   --- ----  ----------
0     40   0   1             @delay_ms1
0     32   0   0             @const159
0     32   0   0             @const161
0     48   0   0             @const163
0     66   0   0             @const165
0     34   0   0   138  2.1  usb_attach
0     36   0   1   346  4.6  usb_task
0    222   1   7  1224  5.9  usb_flush_in
0    166   1  14   584  7.5  usb_put_packet
0    230   1   7   940  5.4  usb_flush_out
0     40   0   1    52  2.1  usb_rx_packet_size
0     68   0   4   235  4.5  usb_stall_ep
0     66   0   4   242  4.6  usb_unstall_ep
0     84   0   3   343  5.8  usb_endpoint_stalled
0     22   0   1    88  2.7  usb_set_address
0    414   2  10  1575  8.9  usb_set_configured
0    106   1   0   448  3.7  usb_isr
0      6   0   0    25  1.2  usb_isr_sof
0     44   0   3   142  3.9  usb_disable_endpoints
0     42   0   0   318  4.6  usb_isr_rst
0     30   0   0   343  3.1  usb_init_ep0_setup
0      8   0   0    47  1.5  usb_isr_uerr
0     10   0   0    54  1.5  usb_isr_uidle
0     10   0   0    54  1.5  usb_isr_activity
0     14   0   0   147  3.4  usb_isr_stall
0    202   1   2  1217  7.3  usb_isr_tok_dne
0      6   0   1    25  1.6  usb_request_send_response
0      6   0   0    22  1.2  usb_request_get_data
0      6   0   0    25  0.8  usb_request_stall
0     84   0   0             @const286
0     18   0   0             @const288
0     34   0   0             @const294
0     70   0   0             @const297
0     40   0   3   239  4.0  usb_token_reset
0     82   0   4   201  4.9  usb_endpoint_is_valid
0     34   0   1   204  3.1  usb_isr_tok_in_dne
0     50   0   1   152  3.0  usb_isr_tok_out_dne
0     42   0   0   310  5.4  usb_isr_tok_setup_dne
0    162   1   0  1131  8.2  usb_isr_tkn_setup_StandardDevice
0    152   1   3   691  7.7  usb_isr_tkn_setup_StandardInterface
0     96   1   0   519  5.2  usb_isr_tkn_setup_StandardEndpoint
0    118   1   1   618  7.2  usb_Get_Descriptor
0     14   0   0    76  1.8  usb_finish_set_address
0    132   1   5   554  8.5  usb_copy_desc_seg_to_ep
0     92   1   0   364  5.6  usb_isr_tok_out_cdc_control_dne
0    162   1   0   840  7.7  usb_isr_tkn_cdc
0     18   0   0   112  2.2  usb_isr_tok_out_cdc_data_dne
0     14   0   0    59  2.1  usb_isr_tok_in_cdc_data_dne
0     32   0   0   106  2.5  usb_cdc_flush_out_buffer
0     36   0   0   280  2.3  usb_cdc_init
0     64   0   2   251  5.9  usb_cdc_getc
0     66   0   5   223  4.1  usb_cdc_putc_fast
0     34   0   1   112  1.3  usb_cdc_putc
0    374   2   2   885  4.3  aure_configurar
0     64   0   0             @const370
0     44   0   0             @const371
0     34   0   0             @const372
0     40   0   0             @const373
0     38   0   0             @const374
0     44   0   0             @const375
0     48   0   0             @const376
0     54   0   0             @const377
0     38   0   0             @const378
0     40   0   1   167  3.5  aure_serie_int
0     36   0   1   167  3.5  aure_usb_serie_int
0     40   0   3             @DIV88
 Inline        1    67  1.3  leeradc
0     20   0   0   108  1.7  motores_patras
0     18   0   0   108  1.7  motores_palante
0     20   0   0   108  1.7  motores_paderecha
0     20   0   0   108  1.7  motores_paizda
0     18   0   0   108  1.7  motores_parar
0     72   0   1    80  1.5  ldr_configurar
0     34   0   0             @const419
0     48   0   0             @const420
0     30   0   0             @const439
0     78   0   1   326  2.8  lcd_send_nibble
0     60   0   3   235  3.8  lcd_send_byte
0     90   0   3   380  4.7  lcd_init
0     34   0   4   186  5.5  lcd_gotoxy
0     68   0   1   272  4.1  lcd_putc
0     20   0   4    82  2.7  lcd_setcursor_vb
0     12   0   0    39  1.0  lcd_configurar
0     96   1   1   108  1.2  leds_configurar
0     48   0   0             @const473
0     44   0   0             @const474
0     42   0   0             @const475
0    226   1   0  1410  6.2  aure_serie
0    420   2  19  1070  7.3  ldr_a_lcd
0     66   0   5             @DIV1616
0    102   1   2             @PRINTF_U_452
0    422   2  19  1070  7.3  cny_a_lcd
0   1374   8   7  4162  8.4  MAIN
0     42   0   0             @const509
0     42   0   0             @const510
0     34   0   0             @const511
0     34   0   0             @const512
0     34   0   0             @const513
0     34   0   0             @const514
0     34   0   0             @const515
0     34   0   0             @const516
0     64   0   6             @WRITEBITA
0     48   0   5             @READBITA
0     44   0   0             @const526
0     44   0   0             @const527
0     44   0   0             @const528
0     44   0   0             @const530
0     44   0   0             @const531
0     44   0   0             @const533
0     44   0   0             @const534
0     44   0   0             @const536
0     44   0   0             @const537

Program metrics:
    Functions               66
    Statements              1223
    Comments                3217
    Volume (V)              51858
    Difficilty (D)          261.9
    Effort to implement (E) 13583540
    Time to implement (T)   209 hours, 37 minutes
    Est Delivered Bugs (B)  19
    Cyclomatic Complexity   181
    Maintainability (MI)    39

 Segment     Used  Free
-----------  ----  ----
00000-017FE     0  6144  
01800-01806     4  4  
01808-018A8   162  0  
018AA-07FFE  8908  17546  



