
ROM used: 5458 (17%)
          5462 (17%) including unused fragments

          1 Average locations per line
          6 Average locations per statement

RAM used: 1159 (57%) at main() level
          1201 (59%) worst case

Stack used: 14 worst case (out of 24 total available)

Lines Stmts  %   Files
----- ----- ---  -----
  105    28   3  main.c
  214    64   7  ..\lib\aurebot.h
  430     0   0  ..\..\..\..\..\..\..\Archivos de programa\PICC\Devices\18F4550.h
   75     0   0  ..\lib\bootloader\usb_bootloader.h
  526   114  12  ..\lib\bootloader\usb_cdc.h
 1323   321  33  ..\..\..\..\..\..\..\Archivos de programa\PICC\Drivers\pic18_usb.h
  828     0   0  ..\..\..\..\..\..\..\Archivos de programa\PICC\Drivers\usb.h
  245     0   0  ..\lib\bootloader\usb_desc_cdc.h
  912   229  24  ..\..\..\..\..\..\..\Archivos de programa\PICC\Drivers\usb.c
   28    85   9  ..\..\..\..\..\..\..\Archivos de programa\PICC\Drivers\ctype.h
  161    75   8  ..\lib\motores.h
  251    47   5  ..\lib\flex_lcd.c
----- -----
 5098   963 Total

Page ROM  %  RAM   Vol Diff  Functions:
---- --- --- ---   --- ----  ----------
0     40   0   1             @delay_ms1
0     32   0   0             @const159
0     32   0   0             @const161
0     48   0   0             @const163
0     66   1   0             @const165
0     40   0   1   149  2.6  usb_detach
0     34   0   0   138  2.1  usb_attach
0     34   0   1   346  4.6  usb_task
0     14   0   0    61  2.5  usb_init
0    222   2   7  1224  5.9  usb_flush_in
0    166   2  14   584  7.5  usb_put_packet
0    230   2   7   940  5.4  usb_flush_out
0     40   0   1    52  2.1  usb_rx_packet_size
0     68   1   4   235  4.5  usb_stall_ep
0     66   1   4   242  4.6  usb_unstall_ep
0     84   1   3   343  5.8  usb_endpoint_stalled
0     22   0   1    88  2.7  usb_set_address
0    402   4  10  1575  8.9  usb_set_configured
0    106   1   0   448  3.7  usb_isr
0      6   0   0    25  1.2  usb_isr_sof
0     44   0   3   142  3.9  usb_disable_endpoints
0     42   0   0   318  4.6  usb_isr_rst
0     30   0   0   343  3.1  usb_init_ep0_setup
0      8   0   0    47  1.5  usb_isr_uerr
0     10   0   0    54  1.5  usb_isr_uidle
0     10   0   0    54  1.5  usb_isr_activity
0     14   0   0   147  3.4  usb_isr_stall
0    202   2   2  1217  7.3  usb_isr_tok_dne
0      6   0   1    25  1.6  usb_request_send_response
0      6   0   0    22  1.2  usb_request_get_data
0      6   0   0    25  0.8  usb_request_stall
0     84   1   0             @const286
0     18   0   0             @const288
0     34   0   0             @const294
0     70   1   0             @const297
0     40   0   3   239  4.0  usb_token_reset
0     78   1   4   201  4.9  usb_endpoint_is_valid
0     34   0   1   204  3.1  usb_isr_tok_in_dne
0     50   0   1   152  3.0  usb_isr_tok_out_dne
0     42   0   0   310  5.4  usb_isr_tok_setup_dne
0    162   1   0  1131  8.2  usb_isr_tkn_setup_StandardDevice
0    150   1   3   691  7.7  usb_isr_tkn_setup_StandardInterface
0     96   1   0   519  5.2  usb_isr_tkn_setup_StandardEndpoint
0    118   1   1   618  7.2  usb_Get_Descriptor
0     14   0   0    76  1.8  usb_finish_set_address
0    132   1   5   554  8.5  usb_copy_desc_seg_to_ep
0     92   1   0   364  5.6  usb_isr_tok_out_cdc_control_dne
0    162   1   0   840  7.7  usb_isr_tkn_cdc
0     18   0   0   112  2.2  usb_isr_tok_out_cdc_data_dne
0     14   0   0    59  2.1  usb_isr_tok_in_cdc_data_dne
0     32   0   0   106  2.5  usb_cdc_flush_out_buffer
0     36   0   0   280  2.3  usb_cdc_init
0     64   1   2   251  5.9  usb_cdc_getc
0     66   1   5   223  4.1  usb_cdc_putc_fast
0     34   0   1   112  1.3  usb_cdc_putc
0     48   0   1   119  2.3  aure_configurar_usb
0     50   0   0             @const367
0    224   2   2   560  2.8  aure_configurar
0     64   1   0             @const370
0     42   0   0             @const371
0     34   0   0             @const372
0     38   0   0             @const373
0     40   0   0             @const374
0     40   0   1   167  3.5  aure_serie_int
0     32   0   1   145  3.5  aure_usb_serie_int
0     18   0   0   108  1.7  motores_patras
0     18   0   0   108  1.7  motores_palante
0     18   0   0   108  1.7  motores_paderecha
0     18   0   0   108  1.7  motores_paizda
0     18   0   0   108  1.7  motores_parar
0     58   1   0   353  5.4  motores_cv_int
0     36   0   0             @goto11377
0     30   0   0   460  4.0  @const441
0     78   1   1   326  2.8  lcd_send_nibble
0     60   1   3   235  3.8  lcd_send_byte
0     92   1   3   380  4.7  lcd_init
0     36   0   4   186  5.5  lcd_gotoxy
0     68   1   1   272  4.1  lcd_putc
0     20   0   4    82  2.7  lcd_setcursor_vb
0    108   1   1   460  4.0  aure_serie
0     44   0   0             @const460
0    126   1   1   258  3.5  MAIN
0     52   0   0             @const464

Program metrics:
    Functions               65
    Statements              963
    Comments                3051
    Volume (V)              41574
    Difficilty (D)          251.3
    Effort to implement (E) 10449161
    Time to implement (T)   161 hours, 15 minutes
    Est Delivered Bugs (B)  16
    Cyclomatic Complexity   164
    Maintainability (MI)    47

 Segment     Used  Free
-----------  ----  ----
00000-017FE     0  6144  
01800-01806     4  4  
01808-018B4   174  0  
018B6-07FFE  5280  21162  



